<?xml version="1.0" encoding="utf-8"?><testsuites name="pytest tests"><testsuite name="pytest" errors="0" failures="0" skipped="0" tests="20" time="4.837" timestamp="2026-04-24T00:33:12.266051+00:00" hostname="agent-env-49ae98a8-ff73-411c-88cc-f598627d94b9"><testcase classname="backend.tests.backend_test" name="test_health_app_is_lampli" time="0.289" /><testcase classname="backend.tests.backend_test.TestArtists" name="test_artist_crud" time="0.303" /><testcase classname="backend.tests.backend_test.TestVenues" name="test_venue_crud" time="0.231" /><testcase classname="backend.tests.backend_test.TestEvents" name="test_event_crud_and_filter" time="0.548" /><testcase classname="backend.tests.backend_test.TestEvents" name="test_event_accepts_payload_without_fee_currency" time="0.092" /><testcase classname="backend.tests.backend_test.TestPatchDates" name="test_patch_event_dates" time="0.194" /><testcase classname="backend.tests.backend_test.TestPatchDates" name="test_patch_residence_shifts_end_date" time="0.184" /><testcase classname="backend.tests.backend_test.TestPatchDates" name="test_patch_dates_unknown_id_404" time="0.067" /><testcase classname="backend.tests.backend_test.TestRoadmapPDF" name="test_roadmap_pdf_generates" time="0.338" /><testcase classname="backend.tests.backend_test.TestRoadmapPDF" name="test_roadmap_pdf_404" time="0.050" /><testcase classname="backend.tests.backend_test.TestFiles" name="test_upload_png_and_download" time="0.574" /><testcase classname="backend.tests.backend_test.TestFiles" name="test_upload_pdf" time="0.544" /><testcase classname="backend.tests.backend_test.TestStats" name="test_stats_shape" time="0.048" /><testcase classname="backend.tests.backend_test.TestDateValidation" name="test_post_event_bad_date_422" time="0.046" /><testcase classname="backend.tests.backend_test.TestDateValidation" name="test_post_event_good_date_ok" time="0.140" /><testcase classname="backend.tests.backend_test.TestDateValidation" name="test_patch_dates_bad_422" time="0.138" /><testcase classname="backend.tests.backend_test.TestDateValidation" name="test_patch_dates_good_persists" time="0.207" /><testcase classname="backend.tests.backend_test.TestICSExport" name="test_ics_basic" time="0.232" /><testcase classname="backend.tests.backend_test.TestICSExport" name="test_ics_filter_type" time="0.223" /><testcase classname="backend.tests.backend_test.TestICSExport" name="test_ics_filter_range" time="0.280" /></testsuite></testsuites>