<?xml version="1.0" encoding="utf-8"?><testsuites name="pytest tests"><testsuite name="pytest" errors="0" failures="0" skipped="0" tests="26" time="9.654" timestamp="2026-04-24T00:55:10.231712+00:00" hostname="agent-env-49ae98a8-ff73-411c-88cc-f598627d94b9"><testcase classname="backend.tests.backend_test" name="test_health_app_is_lampli" time="0.257" /><testcase classname="backend.tests.backend_test.TestArtists" name="test_artist_crud" time="0.301" /><testcase classname="backend.tests.backend_test.TestVenues" name="test_venue_crud" time="0.235" /><testcase classname="backend.tests.backend_test.TestEvents" name="test_event_crud_and_filter" time="0.549" /><testcase classname="backend.tests.backend_test.TestEvents" name="test_event_accepts_payload_without_fee_currency" time="0.091" /><testcase classname="backend.tests.backend_test.TestPatchDates" name="test_patch_event_dates" time="0.186" /><testcase classname="backend.tests.backend_test.TestPatchDates" name="test_patch_residence_shifts_end_date" time="0.141" /><testcase classname="backend.tests.backend_test.TestPatchDates" name="test_patch_dates_unknown_id_404" time="0.046" /><testcase classname="backend.tests.backend_test.TestRoadmapPDF" name="test_roadmap_pdf_generates" time="0.363" /><testcase classname="backend.tests.backend_test.TestRoadmapPDF" name="test_roadmap_pdf_404" time="0.052" /><testcase classname="backend.tests.backend_test.TestFiles" name="test_upload_png_and_download" time="0.501" /><testcase classname="backend.tests.backend_test.TestFiles" name="test_upload_pdf" time="4.608" /><testcase classname="backend.tests.backend_test.TestStats" name="test_stats_shape" time="0.045" /><testcase classname="backend.tests.backend_test.TestDateValidation" name="test_post_event_bad_date_422" time="0.043" /><testcase classname="backend.tests.backend_test.TestDateValidation" name="test_post_event_good_date_ok" time="0.090" /><testcase classname="backend.tests.backend_test.TestDateValidation" name="test_patch_dates_bad_422" time="0.144" /><testcase classname="backend.tests.backend_test.TestDateValidation" name="test_patch_dates_good_persists" time="0.190" /><testcase classname="backend.tests.backend_test.TestICSExport" name="test_ics_basic" time="0.237" /><testcase classname="backend.tests.backend_test.TestICSExport" name="test_ics_filter_type" time="0.228" /><testcase classname="backend.tests.backend_test.TestICSExport" name="test_ics_filter_range" time="0.228" /><testcase classname="backend.tests.backend_test.TestPublicShare" name="test_get_token_is_stable" time="0.088" /><testcase classname="backend.tests.backend_test.TestPublicShare" name="test_rotate_changes_token_and_invalidates_old" time="0.192" /><testcase classname="backend.tests.backend_test.TestPublicShare" name="test_public_calendar_strips_private_file_ids" time="0.370" /><testcase classname="backend.tests.backend_test.TestPublicShare" name="test_public_calendar_invalid_token_404" time="0.044" /><testcase classname="backend.tests.backend_test.TestPublicShare" name="test_public_roadmap_pdf_valid_token" time="0.180" /><testcase classname="backend.tests.backend_test.TestPublicShare" name="test_public_roadmap_pdf_invalid_token_404" time="0.131" /></testsuite></testsuites>